2018-06-15 17:00:40,160 - Log4JLogChute initialized using file 'velocity.log'
2018-06-15 17:00:40,161 - Initializing Velocity, Calling init()...
2018-06-15 17:00:40,161 - Starting Apache Velocity v1.7 (compiled: 2010-11-19 12:14:37)
2018-06-15 17:00:40,161 - Default Properties File: org\apache\velocity\runtime\defaults\velocity.properties
2018-06-15 17:00:40,161 - Trying to use logger class org.apache.velocity.runtime.log.AvalonLogChute
2018-06-15 17:00:40,161 - Target log system for org.apache.velocity.runtime.log.AvalonLogChute is not available (java.lang.NoClassDefFoundError: org/apache/log/format/Formatter).  Falling back to next log system...
2018-06-15 17:00:40,161 - Trying to use logger class org.apache.velocity.runtime.log.Log4JLogChute
2018-06-15 17:00:40,161 - Using logger class org.apache.velocity.runtime.log.Log4JLogChute
2018-06-15 17:00:40,167 - ResourceLoader instantiated: org.apache.velocity.runtime.resource.loader.ClasspathResourceLoader
2018-06-15 17:00:40,225 - ResourceCache: initialized (class org.apache.velocity.runtime.resource.ResourceCacheImpl) with class java.util.Collections$SynchronizedMap cache map.
2018-06-15 17:00:40,226 - Loaded System Directive: org.apache.velocity.runtime.directive.Stop
2018-06-15 17:00:40,228 - Loaded System Directive: org.apache.velocity.runtime.directive.Define
2018-06-15 17:00:40,228 - Loaded System Directive: org.apache.velocity.runtime.directive.Break
2018-06-15 17:00:40,229 - Loaded System Directive: org.apache.velocity.runtime.directive.Evaluate
2018-06-15 17:00:40,230 - Loaded System Directive: org.apache.velocity.runtime.directive.Literal
2018-06-15 17:00:40,231 - Loaded System Directive: org.apache.velocity.runtime.directive.Macro
2018-06-15 17:00:40,233 - Loaded System Directive: org.apache.velocity.runtime.directive.Parse
2018-06-15 17:00:40,235 - Loaded System Directive: org.apache.velocity.runtime.directive.Include
2018-06-15 17:00:40,236 - Loaded System Directive: org.apache.velocity.runtime.directive.Foreach
2018-06-15 17:00:40,359 - Created '20' parsers.
2018-06-15 17:00:40,402 - Velocimacro : "velocimacro.library" is not set.  Trying default library: VM_global_library.vm
2018-06-15 17:00:40,403 - Could not load resource 'VM_global_library.vm' from ResourceLoader org.apache.velocity.runtime.resource.loader.ClasspathResourceLoader: ClasspathResourceLoader Error: cannot find resource VM_global_library.vm
2018-06-15 17:00:40,403 - Velocimacro : Default library not found.
2018-06-15 17:00:40,403 - Velocimacro : allowInline = true : VMs can be defined inline in templates
2018-06-15 17:00:40,403 - Velocimacro : allowInlineToOverride = false : VMs defined inline may NOT replace previous VM definitions
2018-06-15 17:00:40,403 - Velocimacro : allowInlineLocal = false : VMs defined inline will be global in scope if allowed.
2018-06-15 17:00:40,404 - Velocimacro : autoload off : VM system will not automatically reload global library macros
2018-06-15 17:00:40,406 - ResourceManager : unable to find resource 'config/templatemacros.vm' in any resource loader.
2018-06-15 17:00:40,489 - Log4JLogChute initialized using file 'velocity.log'
2018-06-15 17:00:40,489 - Log4JLogChute initialized using file 'velocity.log'
2018-06-15 17:00:40,490 - Initializing Velocity, Calling init()...
2018-06-15 17:00:40,490 - Initializing Velocity, Calling init()...
2018-06-15 17:00:40,490 - Starting Apache Velocity v1.7 (compiled: 2010-11-19 12:14:37)
2018-06-15 17:00:40,490 - Starting Apache Velocity v1.7 (compiled: 2010-11-19 12:14:37)
2018-06-15 17:00:40,490 - Default Properties File: org\apache\velocity\runtime\defaults\velocity.properties
2018-06-15 17:00:40,490 - Default Properties File: org\apache\velocity\runtime\defaults\velocity.properties
2018-06-15 17:00:40,490 - Trying to use logger class org.apache.velocity.runtime.log.AvalonLogChute
2018-06-15 17:00:40,490 - Trying to use logger class org.apache.velocity.runtime.log.AvalonLogChute
2018-06-15 17:00:40,490 - Target log system for org.apache.velocity.runtime.log.AvalonLogChute is not available (java.lang.NoClassDefFoundError: org/apache/log/format/Formatter).  Falling back to next log system...
2018-06-15 17:00:40,490 - Target log system for org.apache.velocity.runtime.log.AvalonLogChute is not available (java.lang.NoClassDefFoundError: org/apache/log/format/Formatter).  Falling back to next log system...
2018-06-15 17:00:40,490 - Trying to use logger class org.apache.velocity.runtime.log.Log4JLogChute
2018-06-15 17:00:40,490 - Trying to use logger class org.apache.velocity.runtime.log.Log4JLogChute
2018-06-15 17:00:40,490 - Using logger class org.apache.velocity.runtime.log.Log4JLogChute
2018-06-15 17:00:40,490 - Using logger class org.apache.velocity.runtime.log.Log4JLogChute
2018-06-15 17:00:40,490 - ResourceLoader instantiated: org.apache.velocity.runtime.resource.loader.ClasspathResourceLoader
2018-06-15 17:00:40,490 - ResourceLoader instantiated: org.apache.velocity.runtime.resource.loader.ClasspathResourceLoader
2018-06-15 17:00:40,491 - ResourceCache: initialized (class org.apache.velocity.runtime.resource.ResourceCacheImpl) with class java.util.Collections$SynchronizedMap cache map.
2018-06-15 17:00:40,491 - ResourceCache: initialized (class org.apache.velocity.runtime.resource.ResourceCacheImpl) with class java.util.Collections$SynchronizedMap cache map.
2018-06-15 17:00:40,492 - Loaded System Directive: org.apache.velocity.runtime.directive.Stop
2018-06-15 17:00:40,492 - Loaded System Directive: org.apache.velocity.runtime.directive.Stop
2018-06-15 17:00:40,492 - Loaded System Directive: org.apache.velocity.runtime.directive.Define
2018-06-15 17:00:40,492 - Loaded System Directive: org.apache.velocity.runtime.directive.Define
2018-06-15 17:00:40,492 - Loaded System Directive: org.apache.velocity.runtime.directive.Break
2018-06-15 17:00:40,492 - Loaded System Directive: org.apache.velocity.runtime.directive.Break
2018-06-15 17:00:40,493 - Loaded System Directive: org.apache.velocity.runtime.directive.Evaluate
2018-06-15 17:00:40,493 - Loaded System Directive: org.apache.velocity.runtime.directive.Evaluate
2018-06-15 17:00:40,493 - Loaded System Directive: org.apache.velocity.runtime.directive.Literal
2018-06-15 17:00:40,493 - Loaded System Directive: org.apache.velocity.runtime.directive.Literal
2018-06-15 17:00:40,493 - Loaded System Directive: org.apache.velocity.runtime.directive.Macro
2018-06-15 17:00:40,493 - Loaded System Directive: org.apache.velocity.runtime.directive.Macro
2018-06-15 17:00:40,493 - Loaded System Directive: org.apache.velocity.runtime.directive.Parse
2018-06-15 17:00:40,493 - Loaded System Directive: org.apache.velocity.runtime.directive.Parse
2018-06-15 17:00:40,493 - Loaded System Directive: org.apache.velocity.runtime.directive.Include
2018-06-15 17:00:40,493 - Loaded System Directive: org.apache.velocity.runtime.directive.Include
2018-06-15 17:00:40,493 - Loaded System Directive: org.apache.velocity.runtime.directive.Foreach
2018-06-15 17:00:40,493 - Loaded System Directive: org.apache.velocity.runtime.directive.Foreach
2018-06-15 17:00:40,509 - Created '20' parsers.
2018-06-15 17:00:40,509 - Created '20' parsers.
2018-06-15 17:00:40,509 - Velocimacro : "velocimacro.library" is not set.  Trying default library: VM_global_library.vm
2018-06-15 17:00:40,509 - Velocimacro : "velocimacro.library" is not set.  Trying default library: VM_global_library.vm
2018-06-15 17:00:40,511 - Could not load resource 'VM_global_library.vm' from ResourceLoader org.apache.velocity.runtime.resource.loader.ClasspathResourceLoader: ClasspathResourceLoader Error: cannot find resource VM_global_library.vm
2018-06-15 17:00:40,511 - Could not load resource 'VM_global_library.vm' from ResourceLoader org.apache.velocity.runtime.resource.loader.ClasspathResourceLoader: ClasspathResourceLoader Error: cannot find resource VM_global_library.vm
2018-06-15 17:00:40,511 - Velocimacro : Default library not found.
2018-06-15 17:00:40,511 - Velocimacro : Default library not found.
2018-06-15 17:00:40,511 - Velocimacro : allowInline = true : VMs can be defined inline in templates
2018-06-15 17:00:40,511 - Velocimacro : allowInline = true : VMs can be defined inline in templates
2018-06-15 17:00:40,511 - Velocimacro : allowInlineToOverride = false : VMs defined inline may NOT replace previous VM definitions
2018-06-15 17:00:40,511 - Velocimacro : allowInlineToOverride = false : VMs defined inline may NOT replace previous VM definitions
2018-06-15 17:00:40,511 - Velocimacro : allowInlineLocal = false : VMs defined inline will be global in scope if allowed.
2018-06-15 17:00:40,511 - Velocimacro : allowInlineLocal = false : VMs defined inline will be global in scope if allowed.
2018-06-15 17:00:40,512 - Velocimacro : autoload off : VM system will not automatically reload global library macros
2018-06-15 17:00:40,512 - Velocimacro : autoload off : VM system will not automatically reload global library macros
2018-06-15 17:00:40,512 - ResourceManager : unable to find resource 'config/templatetemplatehttp.vm' in any resource loader.
2018-06-15 17:00:40,512 - ResourceManager : unable to find resource 'config/templatetemplatehttp.vm' in any resource loader.
2018-06-15 17:00:40,531 - ResourceManager : unable to find resource 'config/templatetemplatetcp.vm' in any resource loader.
2018-06-15 17:00:40,531 - ResourceManager : unable to find resource 'config/templatetemplatetcp.vm' in any resource loader.
2018-06-15 17:17:34,724 - Log4JLogChute initialized using file 'velocity.log'
2018-06-15 17:17:34,725 - Initializing Velocity, Calling init()...
2018-06-15 17:17:34,725 - Starting Apache Velocity v1.7 (compiled: 2010-11-19 12:14:37)
2018-06-15 17:17:34,725 - Default Properties File: org\apache\velocity\runtime\defaults\velocity.properties
2018-06-15 17:17:34,725 - Trying to use logger class org.apache.velocity.runtime.log.AvalonLogChute
2018-06-15 17:17:34,725 - Target log system for org.apache.velocity.runtime.log.AvalonLogChute is not available (java.lang.NoClassDefFoundError: org/apache/log/format/Formatter).  Falling back to next log system...
2018-06-15 17:17:34,725 - Trying to use logger class org.apache.velocity.runtime.log.Log4JLogChute
2018-06-15 17:17:34,725 - Using logger class org.apache.velocity.runtime.log.Log4JLogChute
2018-06-15 17:17:34,730 - ResourceLoader instantiated: org.apache.velocity.runtime.resource.loader.ClasspathResourceLoader
2018-06-15 17:17:34,748 - ResourceCache: initialized (class org.apache.velocity.runtime.resource.ResourceCacheImpl) with class java.util.Collections$SynchronizedMap cache map.
2018-06-15 17:17:34,750 - Loaded System Directive: org.apache.velocity.runtime.directive.Stop
2018-06-15 17:17:34,752 - Loaded System Directive: org.apache.velocity.runtime.directive.Define
2018-06-15 17:17:34,752 - Loaded System Directive: org.apache.velocity.runtime.directive.Break
2018-06-15 17:17:34,753 - Loaded System Directive: org.apache.velocity.runtime.directive.Evaluate
2018-06-15 17:17:34,754 - Loaded System Directive: org.apache.velocity.runtime.directive.Literal
2018-06-15 17:17:34,755 - Loaded System Directive: org.apache.velocity.runtime.directive.Macro
2018-06-15 17:17:34,757 - Loaded System Directive: org.apache.velocity.runtime.directive.Parse
2018-06-15 17:17:34,759 - Loaded System Directive: org.apache.velocity.runtime.directive.Include
2018-06-15 17:17:34,764 - Loaded System Directive: org.apache.velocity.runtime.directive.Foreach
2018-06-15 17:17:34,804 - Created '20' parsers.
2018-06-15 17:17:34,812 - Velocimacro : "velocimacro.library" is not set.  Trying default library: VM_global_library.vm
2018-06-15 17:17:34,813 - Could not load resource 'VM_global_library.vm' from ResourceLoader org.apache.velocity.runtime.resource.loader.ClasspathResourceLoader: ClasspathResourceLoader Error: cannot find resource VM_global_library.vm
2018-06-15 17:17:34,813 - Velocimacro : Default library not found.
2018-06-15 17:17:34,813 - Velocimacro : allowInline = true : VMs can be defined inline in templates
2018-06-15 17:17:34,813 - Velocimacro : allowInlineToOverride = false : VMs defined inline may NOT replace previous VM definitions
2018-06-15 17:17:34,813 - Velocimacro : allowInlineLocal = false : VMs defined inline will be global in scope if allowed.
2018-06-15 17:17:34,813 - Velocimacro : autoload off : VM system will not automatically reload global library macros
2018-06-15 17:17:34,815 - ResourceManager : unable to find resource 'config/templatemacros.vm' in any resource loader.
2018-06-15 17:17:34,854 - Log4JLogChute initialized using file 'velocity.log'
2018-06-15 17:17:34,854 - Log4JLogChute initialized using file 'velocity.log'
2018-06-15 17:17:34,854 - Initializing Velocity, Calling init()...
2018-06-15 17:17:34,854 - Initializing Velocity, Calling init()...
2018-06-15 17:17:34,854 - Starting Apache Velocity v1.7 (compiled: 2010-11-19 12:14:37)
2018-06-15 17:17:34,854 - Starting Apache Velocity v1.7 (compiled: 2010-11-19 12:14:37)
2018-06-15 17:17:34,854 - Default Properties File: org\apache\velocity\runtime\defaults\velocity.properties
2018-06-15 17:17:34,854 - Default Properties File: org\apache\velocity\runtime\defaults\velocity.properties
2018-06-15 17:17:34,855 - Trying to use logger class org.apache.velocity.runtime.log.AvalonLogChute
2018-06-15 17:17:34,855 - Trying to use logger class org.apache.velocity.runtime.log.AvalonLogChute
2018-06-15 17:17:34,855 - Target log system for org.apache.velocity.runtime.log.AvalonLogChute is not available (java.lang.NoClassDefFoundError: org/apache/log/format/Formatter).  Falling back to next log system...
2018-06-15 17:17:34,855 - Target log system for org.apache.velocity.runtime.log.AvalonLogChute is not available (java.lang.NoClassDefFoundError: org/apache/log/format/Formatter).  Falling back to next log system...
2018-06-15 17:17:34,855 - Trying to use logger class org.apache.velocity.runtime.log.Log4JLogChute
2018-06-15 17:17:34,855 - Trying to use logger class org.apache.velocity.runtime.log.Log4JLogChute
2018-06-15 17:17:34,855 - Using logger class org.apache.velocity.runtime.log.Log4JLogChute
2018-06-15 17:17:34,855 - Using logger class org.apache.velocity.runtime.log.Log4JLogChute
2018-06-15 17:17:34,855 - ResourceLoader instantiated: org.apache.velocity.runtime.resource.loader.ClasspathResourceLoader
2018-06-15 17:17:34,855 - ResourceLoader instantiated: org.apache.velocity.runtime.resource.loader.ClasspathResourceLoader
2018-06-15 17:17:34,882 - ResourceCache: initialized (class org.apache.velocity.runtime.resource.ResourceCacheImpl) with class java.util.Collections$SynchronizedMap cache map.
2018-06-15 17:17:34,885 - Loaded System Directive: org.apache.velocity.runtime.directive.Stop
2018-06-15 17:17:34,885 - Loaded System Directive: org.apache.velocity.runtime.directive.Define
2018-06-15 17:17:34,885 - Loaded System Directive: org.apache.velocity.runtime.directive.Break
2018-06-15 17:17:34,885 - Loaded System Directive: org.apache.velocity.runtime.directive.Evaluate
2018-06-15 17:17:34,886 - Loaded System Directive: org.apache.velocity.runtime.directive.Literal
2018-06-15 17:17:34,886 - Loaded System Directive: org.apache.velocity.runtime.directive.Macro
2018-06-15 17:17:34,886 - Loaded System Directive: org.apache.velocity.runtime.directive.Parse
2018-06-15 17:17:34,886 - Loaded System Directive: org.apache.velocity.runtime.directive.Include
2018-06-15 17:17:34,886 - Loaded System Directive: org.apache.velocity.runtime.directive.Foreach
2018-06-15 17:17:34,889 - Created '20' parsers.
2018-06-15 17:17:34,889 - Velocimacro : "velocimacro.library" is not set.  Trying default library: VM_global_library.vm
2018-06-15 17:17:34,892 - Could not load resource 'VM_global_library.vm' from ResourceLoader org.apache.velocity.runtime.resource.loader.ClasspathResourceLoader: ClasspathResourceLoader Error: cannot find resource VM_global_library.vm
2018-06-15 17:17:34,892 - Velocimacro : Default library not found.
2018-06-15 17:17:34,893 - Velocimacro : allowInline = true : VMs can be defined inline in templates
2018-06-15 17:17:34,893 - Velocimacro : allowInlineToOverride = false : VMs defined inline may NOT replace previous VM definitions
2018-06-15 17:17:34,893 - Velocimacro : allowInlineLocal = false : VMs defined inline will be global in scope if allowed.
2018-06-15 17:17:34,893 - Velocimacro : autoload off : VM system will not automatically reload global library macros
2018-06-15 17:17:34,894 - ResourceManager : unable to find resource 'config/templatetemplatehttp.vm' in any resource loader.
2018-06-15 17:17:34,917 - ResourceManager : unable to find resource 'config/templatetemplatetcp.vm' in any resource loader.
2018-06-15 17:18:14,178 - Log4JLogChute initialized using file 'velocity.log'
2018-06-15 17:18:14,179 - Initializing Velocity, Calling init()...
2018-06-15 17:18:14,179 - Starting Apache Velocity v1.7 (compiled: 2010-11-19 12:14:37)
2018-06-15 17:18:14,179 - Default Properties File: org\apache\velocity\runtime\defaults\velocity.properties
2018-06-15 17:18:14,179 - Trying to use logger class org.apache.velocity.runtime.log.AvalonLogChute
2018-06-15 17:18:14,179 - Target log system for org.apache.velocity.runtime.log.AvalonLogChute is not available (java.lang.NoClassDefFoundError: org/apache/log/format/Formatter).  Falling back to next log system...
2018-06-15 17:18:14,179 - Trying to use logger class org.apache.velocity.runtime.log.Log4JLogChute
2018-06-15 17:18:14,179 - Using logger class org.apache.velocity.runtime.log.Log4JLogChute
2018-06-15 17:18:14,187 - ResourceLoader instantiated: org.apache.velocity.runtime.resource.loader.ClasspathResourceLoader
2018-06-15 17:18:14,230 - ResourceCache: initialized (class org.apache.velocity.runtime.resource.ResourceCacheImpl) with class java.util.Collections$SynchronizedMap cache map.
2018-06-15 17:18:14,234 - Loaded System Directive: org.apache.velocity.runtime.directive.Stop
2018-06-15 17:18:14,236 - Loaded System Directive: org.apache.velocity.runtime.directive.Define
2018-06-15 17:18:14,237 - Loaded System Directive: org.apache.velocity.runtime.directive.Break
2018-06-15 17:18:14,239 - Loaded System Directive: org.apache.velocity.runtime.directive.Evaluate
2018-06-15 17:18:14,241 - Loaded System Directive: org.apache.velocity.runtime.directive.Literal
2018-06-15 17:18:14,245 - Loaded System Directive: org.apache.velocity.runtime.directive.Macro
2018-06-15 17:18:14,253 - Loaded System Directive: org.apache.velocity.runtime.directive.Parse
2018-06-15 17:18:14,258 - Loaded System Directive: org.apache.velocity.runtime.directive.Include
2018-06-15 17:18:14,266 - Loaded System Directive: org.apache.velocity.runtime.directive.Foreach
2018-06-15 17:18:14,314 - Created '20' parsers.
2018-06-15 17:18:14,327 - Velocimacro : "velocimacro.library" is not set.  Trying default library: VM_global_library.vm
2018-06-15 17:18:14,330 - Could not load resource 'VM_global_library.vm' from ResourceLoader org.apache.velocity.runtime.resource.loader.ClasspathResourceLoader: ClasspathResourceLoader Error: cannot find resource VM_global_library.vm
2018-06-15 17:18:14,330 - Velocimacro : Default library not found.
2018-06-15 17:18:14,331 - Velocimacro : allowInline = true : VMs can be defined inline in templates
2018-06-15 17:18:14,331 - Velocimacro : allowInlineToOverride = false : VMs defined inline may NOT replace previous VM definitions
2018-06-15 17:18:14,331 - Velocimacro : allowInlineLocal = false : VMs defined inline will be global in scope if allowed.
2018-06-15 17:18:14,331 - Velocimacro : autoload off : VM system will not automatically reload global library macros
2018-06-15 17:18:14,339 - ResourceManager : unable to find resource 'config/templatemacros.vm' in any resource loader.
2018-06-15 17:18:14,374 - Log4JLogChute initialized using file 'velocity.log'
2018-06-15 17:18:14,374 - Log4JLogChute initialized using file 'velocity.log'
2018-06-15 17:18:14,374 - Initializing Velocity, Calling init()...
2018-06-15 17:18:14,374 - Initializing Velocity, Calling init()...
2018-06-15 17:18:14,374 - Starting Apache Velocity v1.7 (compiled: 2010-11-19 12:14:37)
2018-06-15 17:18:14,374 - Starting Apache Velocity v1.7 (compiled: 2010-11-19 12:14:37)
2018-06-15 17:18:14,374 - Default Properties File: org\apache\velocity\runtime\defaults\velocity.properties
2018-06-15 17:18:14,374 - Default Properties File: org\apache\velocity\runtime\defaults\velocity.properties
2018-06-15 17:18:14,374 - Trying to use logger class org.apache.velocity.runtime.log.AvalonLogChute
2018-06-15 17:18:14,374 - Trying to use logger class org.apache.velocity.runtime.log.AvalonLogChute
2018-06-15 17:18:14,374 - Target log system for org.apache.velocity.runtime.log.AvalonLogChute is not available (java.lang.NoClassDefFoundError: org/apache/log/format/Formatter).  Falling back to next log system...
2018-06-15 17:18:14,374 - Target log system for org.apache.velocity.runtime.log.AvalonLogChute is not available (java.lang.NoClassDefFoundError: org/apache/log/format/Formatter).  Falling back to next log system...
2018-06-15 17:18:14,374 - Trying to use logger class org.apache.velocity.runtime.log.Log4JLogChute
2018-06-15 17:18:14,374 - Trying to use logger class org.apache.velocity.runtime.log.Log4JLogChute
2018-06-15 17:18:14,374 - Using logger class org.apache.velocity.runtime.log.Log4JLogChute
2018-06-15 17:18:14,374 - Using logger class org.apache.velocity.runtime.log.Log4JLogChute
2018-06-15 17:18:14,375 - ResourceLoader instantiated: org.apache.velocity.runtime.resource.loader.ClasspathResourceLoader
2018-06-15 17:18:14,375 - ResourceLoader instantiated: org.apache.velocity.runtime.resource.loader.ClasspathResourceLoader
2018-06-15 17:18:14,375 - ResourceCache: initialized (class org.apache.velocity.runtime.resource.ResourceCacheImpl) with class java.util.Collections$SynchronizedMap cache map.
2018-06-15 17:18:14,375 - ResourceCache: initialized (class org.apache.velocity.runtime.resource.ResourceCacheImpl) with class java.util.Collections$SynchronizedMap cache map.
2018-06-15 17:18:14,379 - Loaded System Directive: org.apache.velocity.runtime.directive.Stop
2018-06-15 17:18:14,379 - Loaded System Directive: org.apache.velocity.runtime.directive.Stop
2018-06-15 17:18:14,380 - Loaded System Directive: org.apache.velocity.runtime.directive.Define
2018-06-15 17:18:14,380 - Loaded System Directive: org.apache.velocity.runtime.directive.Define
2018-06-15 17:18:14,380 - Loaded System Directive: org.apache.velocity.runtime.directive.Break
2018-06-15 17:18:14,380 - Loaded System Directive: org.apache.velocity.runtime.directive.Break
2018-06-15 17:18:14,380 - Loaded System Directive: org.apache.velocity.runtime.directive.Evaluate
2018-06-15 17:18:14,380 - Loaded System Directive: org.apache.velocity.runtime.directive.Evaluate
2018-06-15 17:18:14,380 - Loaded System Directive: org.apache.velocity.runtime.directive.Literal
2018-06-15 17:18:14,380 - Loaded System Directive: org.apache.velocity.runtime.directive.Literal
2018-06-15 17:18:14,380 - Loaded System Directive: org.apache.velocity.runtime.directive.Macro
2018-06-15 17:18:14,380 - Loaded System Directive: org.apache.velocity.runtime.directive.Macro
2018-06-15 17:18:14,380 - Loaded System Directive: org.apache.velocity.runtime.directive.Parse
2018-06-15 17:18:14,380 - Loaded System Directive: org.apache.velocity.runtime.directive.Parse
2018-06-15 17:18:14,380 - Loaded System Directive: org.apache.velocity.runtime.directive.Include
2018-06-15 17:18:14,380 - Loaded System Directive: org.apache.velocity.runtime.directive.Include
2018-06-15 17:18:14,381 - Loaded System Directive: org.apache.velocity.runtime.directive.Foreach
2018-06-15 17:18:14,381 - Loaded System Directive: org.apache.velocity.runtime.directive.Foreach
2018-06-15 17:18:14,382 - Created '20' parsers.
2018-06-15 17:18:14,382 - Created '20' parsers.
2018-06-15 17:18:14,382 - Velocimacro : "velocimacro.library" is not set.  Trying default library: VM_global_library.vm
2018-06-15 17:18:14,382 - Velocimacro : "velocimacro.library" is not set.  Trying default library: VM_global_library.vm
2018-06-15 17:18:14,383 - Could not load resource 'VM_global_library.vm' from ResourceLoader org.apache.velocity.runtime.resource.loader.ClasspathResourceLoader: ClasspathResourceLoader Error: cannot find resource VM_global_library.vm
2018-06-15 17:18:14,383 - Could not load resource 'VM_global_library.vm' from ResourceLoader org.apache.velocity.runtime.resource.loader.ClasspathResourceLoader: ClasspathResourceLoader Error: cannot find resource VM_global_library.vm
2018-06-15 17:18:14,384 - Velocimacro : Default library not found.
2018-06-15 17:18:14,384 - Velocimacro : Default library not found.
2018-06-15 17:18:14,384 - Velocimacro : allowInline = true : VMs can be defined inline in templates
2018-06-15 17:18:14,384 - Velocimacro : allowInline = true : VMs can be defined inline in templates
2018-06-15 17:18:14,384 - Velocimacro : allowInlineToOverride = false : VMs defined inline may NOT replace previous VM definitions
2018-06-15 17:18:14,384 - Velocimacro : allowInlineToOverride = false : VMs defined inline may NOT replace previous VM definitions
2018-06-15 17:18:14,384 - Velocimacro : allowInlineLocal = false : VMs defined inline will be global in scope if allowed.
2018-06-15 17:18:14,384 - Velocimacro : allowInlineLocal = false : VMs defined inline will be global in scope if allowed.
2018-06-15 17:18:14,384 - Velocimacro : autoload off : VM system will not automatically reload global library macros
2018-06-15 17:18:14,384 - Velocimacro : autoload off : VM system will not automatically reload global library macros
2018-06-15 17:18:14,385 - ResourceManager : unable to find resource 'config/templatetemplatehttp.vm' in any resource loader.
2018-06-15 17:18:14,385 - ResourceManager : unable to find resource 'config/templatetemplatehttp.vm' in any resource loader.
2018-06-15 17:18:14,417 - ResourceManager : unable to find resource 'config/templatetemplatetcp.vm' in any resource loader.
2018-06-15 17:18:14,417 - ResourceManager : unable to find resource 'config/templatetemplatetcp.vm' in any resource loader.
2018-06-15 17:23:41,227 - Log4JLogChute initialized using file 'velocity.log'
2018-06-15 17:23:41,228 - Initializing Velocity, Calling init()...
2018-06-15 17:23:41,228 - Starting Apache Velocity v1.7 (compiled: 2010-11-19 12:14:37)
2018-06-15 17:23:41,228 - Default Properties File: org\apache\velocity\runtime\defaults\velocity.properties
2018-06-15 17:23:41,228 - Trying to use logger class org.apache.velocity.runtime.log.AvalonLogChute
2018-06-15 17:23:41,228 - Target log system for org.apache.velocity.runtime.log.AvalonLogChute is not available (java.lang.NoClassDefFoundError: org/apache/log/format/Formatter).  Falling back to next log system...
2018-06-15 17:23:41,228 - Trying to use logger class org.apache.velocity.runtime.log.Log4JLogChute
2018-06-15 17:23:41,228 - Using logger class org.apache.velocity.runtime.log.Log4JLogChute
2018-06-15 17:23:41,232 - ResourceLoader instantiated: org.apache.velocity.runtime.resource.loader.ClasspathResourceLoader
2018-06-15 17:23:41,259 - ResourceCache: initialized (class org.apache.velocity.runtime.resource.ResourceCacheImpl) with class java.util.Collections$SynchronizedMap cache map.
2018-06-15 17:23:41,263 - Loaded System Directive: org.apache.velocity.runtime.directive.Stop
2018-06-15 17:23:41,266 - Loaded System Directive: org.apache.velocity.runtime.directive.Define
2018-06-15 17:23:41,267 - Loaded System Directive: org.apache.velocity.runtime.directive.Break
2018-06-15 17:23:41,268 - Loaded System Directive: org.apache.velocity.runtime.directive.Evaluate
2018-06-15 17:23:41,268 - Loaded System Directive: org.apache.velocity.runtime.directive.Literal
2018-06-15 17:23:41,270 - Loaded System Directive: org.apache.velocity.runtime.directive.Macro
2018-06-15 17:23:41,272 - Loaded System Directive: org.apache.velocity.runtime.directive.Parse
2018-06-15 17:23:41,274 - Loaded System Directive: org.apache.velocity.runtime.directive.Include
2018-06-15 17:23:41,275 - Loaded System Directive: org.apache.velocity.runtime.directive.Foreach
2018-06-15 17:23:41,314 - Created '20' parsers.
2018-06-15 17:23:41,320 - Velocimacro : "velocimacro.library" is not set.  Trying default library: VM_global_library.vm
2018-06-15 17:23:41,322 - Could not load resource 'VM_global_library.vm' from ResourceLoader org.apache.velocity.runtime.resource.loader.ClasspathResourceLoader: ClasspathResourceLoader Error: cannot find resource VM_global_library.vm
2018-06-15 17:23:41,322 - Velocimacro : Default library not found.
2018-06-15 17:23:41,322 - Velocimacro : allowInline = true : VMs can be defined inline in templates
2018-06-15 17:23:41,322 - Velocimacro : allowInlineToOverride = false : VMs defined inline may NOT replace previous VM definitions
2018-06-15 17:23:41,322 - Velocimacro : allowInlineLocal = false : VMs defined inline will be global in scope if allowed.
2018-06-15 17:23:41,322 - Velocimacro : autoload off : VM system will not automatically reload global library macros
2018-06-15 17:23:41,324 - ResourceManager : unable to find resource 'config/templatemacros.vm' in any resource loader.
2018-06-15 17:23:41,384 - Log4JLogChute initialized using file 'velocity.log'
2018-06-15 17:23:41,384 - Log4JLogChute initialized using file 'velocity.log'
2018-06-15 17:23:41,384 - Initializing Velocity, Calling init()...
2018-06-15 17:23:41,384 - Initializing Velocity, Calling init()...
2018-06-15 17:23:41,384 - Starting Apache Velocity v1.7 (compiled: 2010-11-19 12:14:37)
2018-06-15 17:23:41,384 - Starting Apache Velocity v1.7 (compiled: 2010-11-19 12:14:37)
2018-06-15 17:23:41,385 - Default Properties File: org\apache\velocity\runtime\defaults\velocity.properties
2018-06-15 17:23:41,385 - Default Properties File: org\apache\velocity\runtime\defaults\velocity.properties
2018-06-15 17:23:41,385 - Trying to use logger class org.apache.velocity.runtime.log.AvalonLogChute
2018-06-15 17:23:41,385 - Trying to use logger class org.apache.velocity.runtime.log.AvalonLogChute
2018-06-15 17:23:41,385 - Target log system for org.apache.velocity.runtime.log.AvalonLogChute is not available (java.lang.NoClassDefFoundError: org/apache/log/format/Formatter).  Falling back to next log system...
2018-06-15 17:23:41,385 - Target log system for org.apache.velocity.runtime.log.AvalonLogChute is not available (java.lang.NoClassDefFoundError: org/apache/log/format/Formatter).  Falling back to next log system...
2018-06-15 17:23:41,385 - Trying to use logger class org.apache.velocity.runtime.log.Log4JLogChute
2018-06-15 17:23:41,385 - Trying to use logger class org.apache.velocity.runtime.log.Log4JLogChute
2018-06-15 17:23:41,385 - Using logger class org.apache.velocity.runtime.log.Log4JLogChute
2018-06-15 17:23:41,385 - Using logger class org.apache.velocity.runtime.log.Log4JLogChute
2018-06-15 17:23:41,385 - ResourceLoader instantiated: org.apache.velocity.runtime.resource.loader.ClasspathResourceLoader
2018-06-15 17:23:41,385 - ResourceLoader instantiated: org.apache.velocity.runtime.resource.loader.ClasspathResourceLoader
2018-06-15 17:23:41,385 - ResourceCache: initialized (class org.apache.velocity.runtime.resource.ResourceCacheImpl) with class java.util.Collections$SynchronizedMap cache map.
2018-06-15 17:23:41,385 - ResourceCache: initialized (class org.apache.velocity.runtime.resource.ResourceCacheImpl) with class java.util.Collections$SynchronizedMap cache map.
2018-06-15 17:23:41,386 - Loaded System Directive: org.apache.velocity.runtime.directive.Stop
2018-06-15 17:23:41,386 - Loaded System Directive: org.apache.velocity.runtime.directive.Stop
2018-06-15 17:23:41,386 - Loaded System Directive: org.apache.velocity.runtime.directive.Define
2018-06-15 17:23:41,386 - Loaded System Directive: org.apache.velocity.runtime.directive.Define
2018-06-15 17:23:41,386 - Loaded System Directive: org.apache.velocity.runtime.directive.Break
2018-06-15 17:23:41,386 - Loaded System Directive: org.apache.velocity.runtime.directive.Break
2018-06-15 17:23:41,386 - Loaded System Directive: org.apache.velocity.runtime.directive.Evaluate
2018-06-15 17:23:41,386 - Loaded System Directive: org.apache.velocity.runtime.directive.Evaluate
2018-06-15 17:23:41,386 - Loaded System Directive: org.apache.velocity.runtime.directive.Literal
2018-06-15 17:23:41,386 - Loaded System Directive: org.apache.velocity.runtime.directive.Literal
2018-06-15 17:23:41,386 - Loaded System Directive: org.apache.velocity.runtime.directive.Macro
2018-06-15 17:23:41,386 - Loaded System Directive: org.apache.velocity.runtime.directive.Macro
2018-06-15 17:23:41,387 - Loaded System Directive: org.apache.velocity.runtime.directive.Parse
2018-06-15 17:23:41,387 - Loaded System Directive: org.apache.velocity.runtime.directive.Parse
2018-06-15 17:23:41,387 - Loaded System Directive: org.apache.velocity.runtime.directive.Include
2018-06-15 17:23:41,387 - Loaded System Directive: org.apache.velocity.runtime.directive.Include
2018-06-15 17:23:41,387 - Loaded System Directive: org.apache.velocity.runtime.directive.Foreach
2018-06-15 17:23:41,387 - Loaded System Directive: org.apache.velocity.runtime.directive.Foreach
2018-06-15 17:23:41,402 - Created '20' parsers.
2018-06-15 17:23:41,402 - Created '20' parsers.
2018-06-15 17:23:41,403 - Velocimacro : "velocimacro.library" is not set.  Trying default library: VM_global_library.vm
2018-06-15 17:23:41,403 - Velocimacro : "velocimacro.library" is not set.  Trying default library: VM_global_library.vm
2018-06-15 17:23:41,404 - Could not load resource 'VM_global_library.vm' from ResourceLoader org.apache.velocity.runtime.resource.loader.ClasspathResourceLoader: ClasspathResourceLoader Error: cannot find resource VM_global_library.vm
2018-06-15 17:23:41,404 - Could not load resource 'VM_global_library.vm' from ResourceLoader org.apache.velocity.runtime.resource.loader.ClasspathResourceLoader: ClasspathResourceLoader Error: cannot find resource VM_global_library.vm
2018-06-15 17:23:41,404 - Velocimacro : Default library not found.
2018-06-15 17:23:41,404 - Velocimacro : Default library not found.
2018-06-15 17:23:41,404 - Velocimacro : allowInline = true : VMs can be defined inline in templates
2018-06-15 17:23:41,404 - Velocimacro : allowInline = true : VMs can be defined inline in templates
2018-06-15 17:23:41,405 - Velocimacro : allowInlineToOverride = false : VMs defined inline may NOT replace previous VM definitions
2018-06-15 17:23:41,405 - Velocimacro : allowInlineToOverride = false : VMs defined inline may NOT replace previous VM definitions
2018-06-15 17:23:41,405 - Velocimacro : allowInlineLocal = false : VMs defined inline will be global in scope if allowed.
2018-06-15 17:23:41,405 - Velocimacro : allowInlineLocal = false : VMs defined inline will be global in scope if allowed.
2018-06-15 17:23:41,405 - Velocimacro : autoload off : VM system will not automatically reload global library macros
2018-06-15 17:23:41,405 - Velocimacro : autoload off : VM system will not automatically reload global library macros
2018-06-15 17:23:41,406 - ResourceManager : unable to find resource 'config/templatetemplatehttp.vm' in any resource loader.
2018-06-15 17:23:41,406 - ResourceManager : unable to find resource 'config/templatetemplatehttp.vm' in any resource loader.
2018-06-15 17:23:41,419 - ResourceManager : unable to find resource 'config/templatetemplatetcp.vm' in any resource loader.
2018-06-15 17:23:41,419 - ResourceManager : unable to find resource 'config/templatetemplatetcp.vm' in any resource loader.
2018-06-15 17:24:24,329 - Log4JLogChute initialized using file 'velocity.log'
2018-06-15 17:24:24,331 - Initializing Velocity, Calling init()...
2018-06-15 17:24:24,332 - Starting Apache Velocity v1.7 (compiled: 2010-11-19 12:14:37)
2018-06-15 17:24:24,332 - Default Properties File: org\apache\velocity\runtime\defaults\velocity.properties
2018-06-15 17:24:24,333 - Trying to use logger class org.apache.velocity.runtime.log.AvalonLogChute
2018-06-15 17:24:24,333 - Target log system for org.apache.velocity.runtime.log.AvalonLogChute is not available (java.lang.NoClassDefFoundError: org/apache/log/format/Formatter).  Falling back to next log system...
2018-06-15 17:24:24,334 - Trying to use logger class org.apache.velocity.runtime.log.Log4JLogChute
2018-06-15 17:24:24,334 - Using logger class org.apache.velocity.runtime.log.Log4JLogChute
2018-06-15 17:24:24,396 - ResourceLoader instantiated: org.apache.velocity.runtime.resource.loader.ClasspathResourceLoader
2018-06-15 17:24:24,602 - ResourceCache: initialized (class org.apache.velocity.runtime.resource.ResourceCacheImpl) with class java.util.Collections$SynchronizedMap cache map.
2018-06-15 17:24:24,630 - Loaded System Directive: org.apache.velocity.runtime.directive.Stop
2018-06-15 17:24:24,651 - Loaded System Directive: org.apache.velocity.runtime.directive.Define
2018-06-15 17:24:24,664 - Loaded System Directive: org.apache.velocity.runtime.directive.Break
2018-06-15 17:24:24,675 - Loaded System Directive: org.apache.velocity.runtime.directive.Evaluate
2018-06-15 17:24:24,687 - Loaded System Directive: org.apache.velocity.runtime.directive.Literal
2018-06-15 17:24:24,708 - Loaded System Directive: org.apache.velocity.runtime.directive.Macro
2018-06-15 17:24:24,729 - Loaded System Directive: org.apache.velocity.runtime.directive.Parse
2018-06-15 17:24:24,749 - Loaded System Directive: org.apache.velocity.runtime.directive.Include
2018-06-15 17:24:24,763 - Loaded System Directive: org.apache.velocity.runtime.directive.Foreach
2018-06-15 17:24:25,168 - Created '20' parsers.
2018-06-15 17:24:25,395 - Velocimacro : "velocimacro.library" is not set.  Trying default library: VM_global_library.vm
2018-06-15 17:24:25,416 - Could not load resource 'VM_global_library.vm' from ResourceLoader org.apache.velocity.runtime.resource.loader.ClasspathResourceLoader: ClasspathResourceLoader Error: cannot find resource VM_global_library.vm
2018-06-15 17:24:25,417 - Velocimacro : Default library not found.
2018-06-15 17:24:25,418 - Velocimacro : allowInline = true : VMs can be defined inline in templates
2018-06-15 17:24:25,418 - Velocimacro : allowInlineToOverride = false : VMs defined inline may NOT replace previous VM definitions
2018-06-15 17:24:25,419 - Velocimacro : allowInlineLocal = false : VMs defined inline will be global in scope if allowed.
2018-06-15 17:24:25,420 - Velocimacro : autoload off : VM system will not automatically reload global library macros
2018-06-15 17:24:25,451 - ResourceManager : unable to find resource 'config/templatemacros.vm' in any resource loader.
2018-06-15 17:25:03,485 - Log4JLogChute initialized using file 'velocity.log'
2018-06-15 17:25:03,485 - Log4JLogChute initialized using file 'velocity.log'
2018-06-15 17:25:03,485 - Initializing Velocity, Calling init()...
2018-06-15 17:25:03,485 - Initializing Velocity, Calling init()...
2018-06-15 17:25:03,485 - Starting Apache Velocity v1.7 (compiled: 2010-11-19 12:14:37)
2018-06-15 17:25:03,485 - Starting Apache Velocity v1.7 (compiled: 2010-11-19 12:14:37)
2018-06-15 17:25:03,486 - Default Properties File: org\apache\velocity\runtime\defaults\velocity.properties
2018-06-15 17:25:03,486 - Default Properties File: org\apache\velocity\runtime\defaults\velocity.properties
2018-06-15 17:25:03,486 - Trying to use logger class org.apache.velocity.runtime.log.AvalonLogChute
2018-06-15 17:25:03,486 - Trying to use logger class org.apache.velocity.runtime.log.AvalonLogChute
2018-06-15 17:25:03,486 - Target log system for org.apache.velocity.runtime.log.AvalonLogChute is not available (java.lang.NoClassDefFoundError: org/apache/log/format/Formatter).  Falling back to next log system...
2018-06-15 17:25:03,486 - Target log system for org.apache.velocity.runtime.log.AvalonLogChute is not available (java.lang.NoClassDefFoundError: org/apache/log/format/Formatter).  Falling back to next log system...
2018-06-15 17:25:03,486 - Trying to use logger class org.apache.velocity.runtime.log.Log4JLogChute
2018-06-15 17:25:03,486 - Trying to use logger class org.apache.velocity.runtime.log.Log4JLogChute
2018-06-15 17:25:03,486 - Using logger class org.apache.velocity.runtime.log.Log4JLogChute
2018-06-15 17:25:03,486 - Using logger class org.apache.velocity.runtime.log.Log4JLogChute
2018-06-15 17:25:03,486 - ResourceLoader instantiated: org.apache.velocity.runtime.resource.loader.ClasspathResourceLoader
2018-06-15 17:25:03,486 - ResourceLoader instantiated: org.apache.velocity.runtime.resource.loader.ClasspathResourceLoader
2018-06-15 17:25:03,486 - ResourceCache: initialized (class org.apache.velocity.runtime.resource.ResourceCacheImpl) with class java.util.Collections$SynchronizedMap cache map.
2018-06-15 17:25:03,486 - ResourceCache: initialized (class org.apache.velocity.runtime.resource.ResourceCacheImpl) with class java.util.Collections$SynchronizedMap cache map.
2018-06-15 17:25:03,488 - Loaded System Directive: org.apache.velocity.runtime.directive.Stop
2018-06-15 17:25:03,488 - Loaded System Directive: org.apache.velocity.runtime.directive.Stop
2018-06-15 17:25:03,488 - Loaded System Directive: org.apache.velocity.runtime.directive.Define
2018-06-15 17:25:03,488 - Loaded System Directive: org.apache.velocity.runtime.directive.Define
2018-06-15 17:25:03,488 - Loaded System Directive: org.apache.velocity.runtime.directive.Break
2018-06-15 17:25:03,488 - Loaded System Directive: org.apache.velocity.runtime.directive.Break
2018-06-15 17:25:03,488 - Loaded System Directive: org.apache.velocity.runtime.directive.Evaluate
2018-06-15 17:25:03,488 - Loaded System Directive: org.apache.velocity.runtime.directive.Evaluate
2018-06-15 17:25:03,488 - Loaded System Directive: org.apache.velocity.runtime.directive.Literal
2018-06-15 17:25:03,488 - Loaded System Directive: org.apache.velocity.runtime.directive.Literal
2018-06-15 17:25:03,488 - Loaded System Directive: org.apache.velocity.runtime.directive.Macro
2018-06-15 17:25:03,488 - Loaded System Directive: org.apache.velocity.runtime.directive.Macro
2018-06-15 17:25:03,489 - Loaded System Directive: org.apache.velocity.runtime.directive.Parse
2018-06-15 17:25:03,489 - Loaded System Directive: org.apache.velocity.runtime.directive.Parse
2018-06-15 17:25:03,489 - Loaded System Directive: org.apache.velocity.runtime.directive.Include
2018-06-15 17:25:03,489 - Loaded System Directive: org.apache.velocity.runtime.directive.Include
2018-06-15 17:25:03,490 - Loaded System Directive: org.apache.velocity.runtime.directive.Foreach
2018-06-15 17:25:03,490 - Loaded System Directive: org.apache.velocity.runtime.directive.Foreach
2018-06-15 17:25:03,537 - Created '20' parsers.
2018-06-15 17:25:03,537 - Created '20' parsers.
2018-06-15 17:25:03,537 - Velocimacro : "velocimacro.library" is not set.  Trying default library: VM_global_library.vm
2018-06-15 17:25:03,537 - Velocimacro : "velocimacro.library" is not set.  Trying default library: VM_global_library.vm
2018-06-15 17:25:03,540 - Could not load resource 'VM_global_library.vm' from ResourceLoader org.apache.velocity.runtime.resource.loader.ClasspathResourceLoader: ClasspathResourceLoader Error: cannot find resource VM_global_library.vm
2018-06-15 17:25:03,540 - Could not load resource 'VM_global_library.vm' from ResourceLoader org.apache.velocity.runtime.resource.loader.ClasspathResourceLoader: ClasspathResourceLoader Error: cannot find resource VM_global_library.vm
2018-06-15 17:25:03,541 - Velocimacro : Default library not found.
2018-06-15 17:25:03,541 - Velocimacro : Default library not found.
2018-06-15 17:25:03,541 - Velocimacro : allowInline = true : VMs can be defined inline in templates
2018-06-15 17:25:03,541 - Velocimacro : allowInline = true : VMs can be defined inline in templates
2018-06-15 17:25:03,541 - Velocimacro : allowInlineToOverride = false : VMs defined inline may NOT replace previous VM definitions
2018-06-15 17:25:03,541 - Velocimacro : allowInlineToOverride = false : VMs defined inline may NOT replace previous VM definitions
2018-06-15 17:25:03,541 - Velocimacro : allowInlineLocal = false : VMs defined inline will be global in scope if allowed.
2018-06-15 17:25:03,541 - Velocimacro : allowInlineLocal = false : VMs defined inline will be global in scope if allowed.
2018-06-15 17:25:03,541 - Velocimacro : autoload off : VM system will not automatically reload global library macros
2018-06-15 17:25:03,541 - Velocimacro : autoload off : VM system will not automatically reload global library macros
2018-06-15 17:25:03,542 - ResourceManager : unable to find resource 'config/templatetemplatehttp.vm' in any resource loader.
2018-06-15 17:25:03,542 - ResourceManager : unable to find resource 'config/templatetemplatehttp.vm' in any resource loader.
2018-06-15 17:25:03,563 - ResourceManager : unable to find resource 'config/templatetemplatetcp.vm' in any resource loader.
2018-06-15 17:25:03,563 - ResourceManager : unable to find resource 'config/templatetemplatetcp.vm' in any resource loader.
2018-06-15 17:29:20,034 - Log4JLogChute initialized using file 'velocity.log'
2018-06-15 17:29:20,034 - Initializing Velocity, Calling init()...
2018-06-15 17:29:20,034 - Starting Apache Velocity v1.7 (compiled: 2010-11-19 12:14:37)
2018-06-15 17:29:20,034 - Default Properties File: org\apache\velocity\runtime\defaults\velocity.properties
2018-06-15 17:29:20,034 - Trying to use logger class org.apache.velocity.runtime.log.AvalonLogChute
2018-06-15 17:29:20,035 - Target log system for org.apache.velocity.runtime.log.AvalonLogChute is not available (java.lang.NoClassDefFoundError: org/apache/log/format/Formatter).  Falling back to next log system...
2018-06-15 17:29:20,035 - Trying to use logger class org.apache.velocity.runtime.log.Log4JLogChute
2018-06-15 17:29:20,035 - Using logger class org.apache.velocity.runtime.log.Log4JLogChute
2018-06-15 17:29:20,042 - ResourceLoader instantiated: org.apache.velocity.runtime.resource.loader.ClasspathResourceLoader
2018-06-15 17:29:20,082 - ResourceCache: initialized (class org.apache.velocity.runtime.resource.ResourceCacheImpl) with class java.util.Collections$SynchronizedMap cache map.
2018-06-15 17:29:20,087 - Loaded System Directive: org.apache.velocity.runtime.directive.Stop
2018-06-15 17:29:20,089 - Loaded System Directive: org.apache.velocity.runtime.directive.Define
2018-06-15 17:29:20,091 - Loaded System Directive: org.apache.velocity.runtime.directive.Break
2018-06-15 17:29:20,092 - Loaded System Directive: org.apache.velocity.runtime.directive.Evaluate
2018-06-15 17:29:20,094 - Loaded System Directive: org.apache.velocity.runtime.directive.Literal
2018-06-15 17:29:20,097 - Loaded System Directive: org.apache.velocity.runtime.directive.Macro
2018-06-15 17:29:20,100 - Loaded System Directive: org.apache.velocity.runtime.directive.Parse
2018-06-15 17:29:20,104 - Loaded System Directive: org.apache.velocity.runtime.directive.Include
2018-06-15 17:29:20,112 - Loaded System Directive: org.apache.velocity.runtime.directive.Foreach
2018-06-15 17:29:20,187 - Created '20' parsers.
2018-06-15 17:29:20,210 - Velocimacro : "velocimacro.library" is not set.  Trying default library: VM_global_library.vm
2018-06-15 17:29:20,213 - Could not load resource 'VM_global_library.vm' from ResourceLoader org.apache.velocity.runtime.resource.loader.ClasspathResourceLoader: ClasspathResourceLoader Error: cannot find resource VM_global_library.vm
2018-06-15 17:29:20,213 - Velocimacro : Default library not found.
2018-06-15 17:29:20,213 - Velocimacro : allowInline = true : VMs can be defined inline in templates
2018-06-15 17:29:20,214 - Velocimacro : allowInlineToOverride = false : VMs defined inline may NOT replace previous VM definitions
2018-06-15 17:29:20,219 - Velocimacro : allowInlineLocal = false : VMs defined inline will be global in scope if allowed.
2018-06-15 17:29:20,219 - Velocimacro : autoload off : VM system will not automatically reload global library macros
2018-06-15 17:29:20,223 - ResourceManager : unable to find resource 'config/templatemacros.vm' in any resource loader.
2018-06-15 17:29:44,375 - Log4JLogChute initialized using file 'velocity.log'
2018-06-15 17:29:44,375 - Log4JLogChute initialized using file 'velocity.log'
2018-06-15 17:29:44,377 - Initializing Velocity, Calling init()...
2018-06-15 17:29:44,377 - Initializing Velocity, Calling init()...
2018-06-15 17:29:44,378 - Starting Apache Velocity v1.7 (compiled: 2010-11-19 12:14:37)
2018-06-15 17:29:44,378 - Starting Apache Velocity v1.7 (compiled: 2010-11-19 12:14:37)
2018-06-15 17:29:44,380 - Default Properties File: org\apache\velocity\runtime\defaults\velocity.properties
2018-06-15 17:29:44,380 - Default Properties File: org\apache\velocity\runtime\defaults\velocity.properties
2018-06-15 17:29:44,381 - Trying to use logger class org.apache.velocity.runtime.log.AvalonLogChute
2018-06-15 17:29:44,381 - Trying to use logger class org.apache.velocity.runtime.log.AvalonLogChute
2018-06-15 17:29:44,383 - Target log system for org.apache.velocity.runtime.log.AvalonLogChute is not available (java.lang.NoClassDefFoundError: org/apache/log/format/Formatter).  Falling back to next log system...
2018-06-15 17:29:44,383 - Target log system for org.apache.velocity.runtime.log.AvalonLogChute is not available (java.lang.NoClassDefFoundError: org/apache/log/format/Formatter).  Falling back to next log system...
2018-06-15 17:29:44,385 - Trying to use logger class org.apache.velocity.runtime.log.Log4JLogChute
2018-06-15 17:29:44,385 - Trying to use logger class org.apache.velocity.runtime.log.Log4JLogChute
2018-06-15 17:29:44,386 - Using logger class org.apache.velocity.runtime.log.Log4JLogChute
2018-06-15 17:29:44,386 - Using logger class org.apache.velocity.runtime.log.Log4JLogChute
2018-06-15 17:29:44,393 - ResourceLoader instantiated: org.apache.velocity.runtime.resource.loader.ClasspathResourceLoader
2018-06-15 17:29:44,393 - ResourceLoader instantiated: org.apache.velocity.runtime.resource.loader.ClasspathResourceLoader
2018-06-15 17:29:44,396 - ResourceCache: initialized (class org.apache.velocity.runtime.resource.ResourceCacheImpl) with class java.util.Collections$SynchronizedMap cache map.
2018-06-15 17:29:44,396 - ResourceCache: initialized (class org.apache.velocity.runtime.resource.ResourceCacheImpl) with class java.util.Collections$SynchronizedMap cache map.
2018-06-15 17:29:44,440 - Loaded System Directive: org.apache.velocity.runtime.directive.Stop
2018-06-15 17:29:44,442 - Loaded System Directive: org.apache.velocity.runtime.directive.Define
2018-06-15 17:29:44,443 - Loaded System Directive: org.apache.velocity.runtime.directive.Break
2018-06-15 17:29:44,444 - Loaded System Directive: org.apache.velocity.runtime.directive.Evaluate
2018-06-15 17:29:44,445 - Loaded System Directive: org.apache.velocity.runtime.directive.Literal
2018-06-15 17:29:44,446 - Loaded System Directive: org.apache.velocity.runtime.directive.Macro
2018-06-15 17:29:44,448 - Loaded System Directive: org.apache.velocity.runtime.directive.Parse
2018-06-15 17:29:44,449 - Loaded System Directive: org.apache.velocity.runtime.directive.Include
2018-06-15 17:29:44,450 - Loaded System Directive: org.apache.velocity.runtime.directive.Foreach
2018-06-15 17:29:44,476 - Created '20' parsers.
2018-06-15 17:29:44,477 - Velocimacro : "velocimacro.library" is not set.  Trying default library: VM_global_library.vm
2018-06-15 17:29:44,502 - Could not load resource 'VM_global_library.vm' from ResourceLoader org.apache.velocity.runtime.resource.loader.ClasspathResourceLoader: ClasspathResourceLoader Error: cannot find resource VM_global_library.vm
2018-06-15 17:29:44,503 - Velocimacro : Default library not found.
2018-06-15 17:29:44,503 - Velocimacro : allowInline = true : VMs can be defined inline in templates
2018-06-15 17:29:44,504 - Velocimacro : allowInlineToOverride = false : VMs defined inline may NOT replace previous VM definitions
2018-06-15 17:29:44,505 - Velocimacro : allowInlineLocal = false : VMs defined inline will be global in scope if allowed.
2018-06-15 17:29:44,506 - Velocimacro : autoload off : VM system will not automatically reload global library macros
2018-06-15 17:29:44,529 - ResourceManager : unable to find resource 'config/templatetemplatehttp.vm' in any resource loader.
2018-06-15 17:29:56,880 - ResourceManager : unable to find resource 'config/templatetemplatetcp.vm' in any resource loader.
2018-06-15 17:31:14,191 - Log4JLogChute initialized using file 'velocity.log'
2018-06-15 17:31:14,192 - Initializing Velocity, Calling init()...
2018-06-15 17:31:14,193 - Starting Apache Velocity v1.7 (compiled: 2010-11-19 12:14:37)
2018-06-15 17:31:14,194 - Default Properties File: org\apache\velocity\runtime\defaults\velocity.properties
2018-06-15 17:31:14,194 - Trying to use logger class org.apache.velocity.runtime.log.AvalonLogChute
2018-06-15 17:31:14,195 - Target log system for org.apache.velocity.runtime.log.AvalonLogChute is not available (java.lang.NoClassDefFoundError: org/apache/log/format/Formatter).  Falling back to next log system...
2018-06-15 17:31:14,195 - Trying to use logger class org.apache.velocity.runtime.log.Log4JLogChute
2018-06-15 17:31:14,196 - Using logger class org.apache.velocity.runtime.log.Log4JLogChute
2018-06-15 17:31:14,263 - ResourceLoader instantiated: org.apache.velocity.runtime.resource.loader.ClasspathResourceLoader
2018-06-15 17:31:14,607 - ResourceCache: initialized (class org.apache.velocity.runtime.resource.ResourceCacheImpl) with class java.util.Collections$SynchronizedMap cache map.
2018-06-15 17:31:14,654 - Loaded System Directive: org.apache.velocity.runtime.directive.Stop
2018-06-15 17:31:14,693 - Loaded System Directive: org.apache.velocity.runtime.directive.Define
2018-06-15 17:31:14,710 - Loaded System Directive: org.apache.velocity.runtime.directive.Break
2018-06-15 17:31:14,738 - Loaded System Directive: org.apache.velocity.runtime.directive.Evaluate
2018-06-15 17:31:14,756 - Loaded System Directive: org.apache.velocity.runtime.directive.Literal
2018-06-15 17:31:14,790 - Loaded System Directive: org.apache.velocity.runtime.directive.Macro
2018-06-15 17:31:14,833 - Loaded System Directive: org.apache.velocity.runtime.directive.Parse
2018-06-15 17:31:14,865 - Loaded System Directive: org.apache.velocity.runtime.directive.Include
2018-06-15 17:31:14,905 - Loaded System Directive: org.apache.velocity.runtime.directive.Foreach
2018-06-15 17:31:15,269 - Created '20' parsers.
2018-06-15 17:31:15,478 - Velocimacro : "velocimacro.library" is not set.  Trying default library: VM_global_library.vm
2018-06-15 17:31:15,515 - Could not load resource 'VM_global_library.vm' from ResourceLoader org.apache.velocity.runtime.resource.loader.ClasspathResourceLoader: ClasspathResourceLoader Error: cannot find resource VM_global_library.vm
2018-06-15 17:31:15,516 - Velocimacro : Default library not found.
2018-06-15 17:31:15,517 - Velocimacro : allowInline = true : VMs can be defined inline in templates
2018-06-15 17:31:15,517 - Velocimacro : allowInlineToOverride = false : VMs defined inline may NOT replace previous VM definitions
2018-06-15 17:31:15,518 - Velocimacro : allowInlineLocal = false : VMs defined inline will be global in scope if allowed.
2018-06-15 17:31:15,519 - Velocimacro : autoload off : VM system will not automatically reload global library macros
2018-06-15 17:31:31,795 - ResourceManager : unable to find resource 'config/templatemacros.vm' in any resource loader.
2018-06-15 17:31:36,108 - Log4JLogChute initialized using file 'velocity.log'
2018-06-15 17:31:36,108 - Log4JLogChute initialized using file 'velocity.log'
2018-06-15 17:31:36,108 - Initializing Velocity, Calling init()...
2018-06-15 17:31:36,108 - Initializing Velocity, Calling init()...
2018-06-15 17:31:36,108 - Starting Apache Velocity v1.7 (compiled: 2010-11-19 12:14:37)
2018-06-15 17:31:36,108 - Starting Apache Velocity v1.7 (compiled: 2010-11-19 12:14:37)
2018-06-15 17:31:36,108 - Default Properties File: org\apache\velocity\runtime\defaults\velocity.properties
2018-06-15 17:31:36,108 - Default Properties File: org\apache\velocity\runtime\defaults\velocity.properties
2018-06-15 17:31:36,109 - Trying to use logger class org.apache.velocity.runtime.log.AvalonLogChute
2018-06-15 17:31:36,109 - Trying to use logger class org.apache.velocity.runtime.log.AvalonLogChute
2018-06-15 17:31:36,109 - Target log system for org.apache.velocity.runtime.log.AvalonLogChute is not available (java.lang.NoClassDefFoundError: org/apache/log/format/Formatter).  Falling back to next log system...
2018-06-15 17:31:36,109 - Target log system for org.apache.velocity.runtime.log.AvalonLogChute is not available (java.lang.NoClassDefFoundError: org/apache/log/format/Formatter).  Falling back to next log system...
2018-06-15 17:31:36,109 - Trying to use logger class org.apache.velocity.runtime.log.Log4JLogChute
2018-06-15 17:31:36,109 - Trying to use logger class org.apache.velocity.runtime.log.Log4JLogChute
2018-06-15 17:31:36,110 - Using logger class org.apache.velocity.runtime.log.Log4JLogChute
2018-06-15 17:31:36,110 - Using logger class org.apache.velocity.runtime.log.Log4JLogChute
2018-06-15 17:31:36,110 - ResourceLoader instantiated: org.apache.velocity.runtime.resource.loader.ClasspathResourceLoader
2018-06-15 17:31:36,110 - ResourceLoader instantiated: org.apache.velocity.runtime.resource.loader.ClasspathResourceLoader
2018-06-15 17:31:36,110 - ResourceCache: initialized (class org.apache.velocity.runtime.resource.ResourceCacheImpl) with class java.util.Collections$SynchronizedMap cache map.
2018-06-15 17:31:36,110 - ResourceCache: initialized (class org.apache.velocity.runtime.resource.ResourceCacheImpl) with class java.util.Collections$SynchronizedMap cache map.
2018-06-15 17:31:36,173 - Loaded System Directive: org.apache.velocity.runtime.directive.Stop
2018-06-15 17:31:36,173 - Loaded System Directive: org.apache.velocity.runtime.directive.Stop
2018-06-15 17:31:36,173 - Loaded System Directive: org.apache.velocity.runtime.directive.Define
2018-06-15 17:31:36,173 - Loaded System Directive: org.apache.velocity.runtime.directive.Define
2018-06-15 17:31:36,173 - Loaded System Directive: org.apache.velocity.runtime.directive.Break
2018-06-15 17:31:36,173 - Loaded System Directive: org.apache.velocity.runtime.directive.Break
2018-06-15 17:31:36,173 - Loaded System Directive: org.apache.velocity.runtime.directive.Evaluate
2018-06-15 17:31:36,173 - Loaded System Directive: org.apache.velocity.runtime.directive.Evaluate
2018-06-15 17:31:36,174 - Loaded System Directive: org.apache.velocity.runtime.directive.Literal
2018-06-15 17:31:36,174 - Loaded System Directive: org.apache.velocity.runtime.directive.Literal
2018-06-15 17:31:36,174 - Loaded System Directive: org.apache.velocity.runtime.directive.Macro
2018-06-15 17:31:36,174 - Loaded System Directive: org.apache.velocity.runtime.directive.Macro
2018-06-15 17:31:36,174 - Loaded System Directive: org.apache.velocity.runtime.directive.Parse
2018-06-15 17:31:36,174 - Loaded System Directive: org.apache.velocity.runtime.directive.Parse
2018-06-15 17:31:36,174 - Loaded System Directive: org.apache.velocity.runtime.directive.Include
2018-06-15 17:31:36,174 - Loaded System Directive: org.apache.velocity.runtime.directive.Include
2018-06-15 17:31:36,174 - Loaded System Directive: org.apache.velocity.runtime.directive.Foreach
2018-06-15 17:31:36,174 - Loaded System Directive: org.apache.velocity.runtime.directive.Foreach
2018-06-15 17:31:36,175 - Created '20' parsers.
2018-06-15 17:31:36,175 - Created '20' parsers.
2018-06-15 17:31:36,176 - Velocimacro : "velocimacro.library" is not set.  Trying default library: VM_global_library.vm
2018-06-15 17:31:36,176 - Velocimacro : "velocimacro.library" is not set.  Trying default library: VM_global_library.vm
2018-06-15 17:31:36,177 - Could not load resource 'VM_global_library.vm' from ResourceLoader org.apache.velocity.runtime.resource.loader.ClasspathResourceLoader: ClasspathResourceLoader Error: cannot find resource VM_global_library.vm
2018-06-15 17:31:36,177 - Could not load resource 'VM_global_library.vm' from ResourceLoader org.apache.velocity.runtime.resource.loader.ClasspathResourceLoader: ClasspathResourceLoader Error: cannot find resource VM_global_library.vm
2018-06-15 17:31:36,178 - Velocimacro : Default library not found.
2018-06-15 17:31:36,178 - Velocimacro : Default library not found.
2018-06-15 17:31:36,178 - Velocimacro : allowInline = true : VMs can be defined inline in templates
2018-06-15 17:31:36,178 - Velocimacro : allowInline = true : VMs can be defined inline in templates
2018-06-15 17:31:36,178 - Velocimacro : allowInlineToOverride = false : VMs defined inline may NOT replace previous VM definitions
2018-06-15 17:31:36,178 - Velocimacro : allowInlineToOverride = false : VMs defined inline may NOT replace previous VM definitions
2018-06-15 17:31:36,178 - Velocimacro : allowInlineLocal = false : VMs defined inline will be global in scope if allowed.
2018-06-15 17:31:36,178 - Velocimacro : allowInlineLocal = false : VMs defined inline will be global in scope if allowed.
2018-06-15 17:31:36,178 - Velocimacro : autoload off : VM system will not automatically reload global library macros
2018-06-15 17:31:36,178 - Velocimacro : autoload off : VM system will not automatically reload global library macros
2018-06-15 17:31:36,179 - ResourceManager : unable to find resource 'config/templatetemplatehttp.vm' in any resource loader.
2018-06-15 17:31:36,179 - ResourceManager : unable to find resource 'config/templatetemplatehttp.vm' in any resource loader.
2018-06-15 17:31:36,194 - ResourceManager : unable to find resource 'config/templatetemplatetcp.vm' in any resource loader.
2018-06-15 17:33:46,638 - Log4JLogChute initialized using file 'velocity.log'
2018-06-15 17:33:46,640 - Initializing Velocity, Calling init()...
2018-06-15 17:33:46,640 - Starting Apache Velocity v1.7 (compiled: 2010-11-19 12:14:37)
2018-06-15 17:33:46,640 - Default Properties File: org\apache\velocity\runtime\defaults\velocity.properties
2018-06-15 17:33:46,640 - Trying to use logger class org.apache.velocity.runtime.log.AvalonLogChute
2018-06-15 17:33:46,640 - Target log system for org.apache.velocity.runtime.log.AvalonLogChute is not available (java.lang.NoClassDefFoundError: org/apache/log/format/Formatter).  Falling back to next log system...
2018-06-15 17:33:46,640 - Trying to use logger class org.apache.velocity.runtime.log.Log4JLogChute
2018-06-15 17:33:46,640 - Using logger class org.apache.velocity.runtime.log.Log4JLogChute
2018-06-15 17:33:46,645 - ResourceLoader instantiated: org.apache.velocity.runtime.resource.loader.ClasspathResourceLoader
2018-06-15 17:33:46,662 - ResourceCache: initialized (class org.apache.velocity.runtime.resource.ResourceCacheImpl) with class java.util.Collections$SynchronizedMap cache map.
2018-06-15 17:33:46,665 - Loaded System Directive: org.apache.velocity.runtime.directive.Stop
2018-06-15 17:33:46,666 - Loaded System Directive: org.apache.velocity.runtime.directive.Define
2018-06-15 17:33:46,667 - Loaded System Directive: org.apache.velocity.runtime.directive.Break
2018-06-15 17:33:46,668 - Loaded System Directive: org.apache.velocity.runtime.directive.Evaluate
2018-06-15 17:33:46,670 - Loaded System Directive: org.apache.velocity.runtime.directive.Literal
2018-06-15 17:33:46,671 - Loaded System Directive: org.apache.velocity.runtime.directive.Macro
2018-06-15 17:33:46,674 - Loaded System Directive: org.apache.velocity.runtime.directive.Parse
2018-06-15 17:33:46,676 - Loaded System Directive: org.apache.velocity.runtime.directive.Include
2018-06-15 17:33:46,680 - Loaded System Directive: org.apache.velocity.runtime.directive.Foreach
2018-06-15 17:33:46,722 - Created '20' parsers.
2018-06-15 17:33:46,731 - Velocimacro : "velocimacro.library" is not set.  Trying default library: VM_global_library.vm
2018-06-15 17:33:46,733 - Could not load resource 'VM_global_library.vm' from ResourceLoader org.apache.velocity.runtime.resource.loader.ClasspathResourceLoader: ClasspathResourceLoader Error: cannot find resource VM_global_library.vm
2018-06-15 17:33:46,733 - Velocimacro : Default library not found.
2018-06-15 17:33:46,733 - Velocimacro : allowInline = true : VMs can be defined inline in templates
2018-06-15 17:33:46,733 - Velocimacro : allowInlineToOverride = false : VMs defined inline may NOT replace previous VM definitions
2018-06-15 17:33:46,733 - Velocimacro : allowInlineLocal = false : VMs defined inline will be global in scope if allowed.
2018-06-15 17:33:46,733 - Velocimacro : autoload off : VM system will not automatically reload global library macros
2018-06-15 17:33:47,119 - Velocimacro : added VM smallType: source=config/template/macros.vm
2018-06-15 17:33:47,119 - Velocimacro : added VM bigType: source=config/template/macros.vm
2018-06-15 17:33:47,119 - Velocimacro : added VM upperFirstChar: source=config/template/macros.vm
2018-06-15 17:33:47,120 - Velocimacro : added VM generic: source=config/template/macros.vm
2018-06-15 17:33:47,121 - Velocimacro : added VM readfield: source=config/template/macros.vm
2018-06-15 17:33:47,122 - Velocimacro : added VM writefield: source=config/template/macros.vm
2018-06-15 17:33:47,123 - Velocimacro : added VM createGetterSetter: source=config/template/macros.vm
2018-06-15 17:33:47,123 - ResourceManager : found config/template/macros.vm with loader org.apache.velocity.runtime.resource.loader.ClasspathResourceLoader
2018-06-15 17:33:47,197 - Log4JLogChute initialized using file 'velocity.log'
2018-06-15 17:33:47,197 - Log4JLogChute initialized using file 'velocity.log'
2018-06-15 17:33:47,198 - Initializing Velocity, Calling init()...
2018-06-15 17:33:47,198 - Initializing Velocity, Calling init()...
2018-06-15 17:33:47,198 - Starting Apache Velocity v1.7 (compiled: 2010-11-19 12:14:37)
2018-06-15 17:33:47,198 - Starting Apache Velocity v1.7 (compiled: 2010-11-19 12:14:37)
2018-06-15 17:33:47,198 - Default Properties File: org\apache\velocity\runtime\defaults\velocity.properties
2018-06-15 17:33:47,198 - Default Properties File: org\apache\velocity\runtime\defaults\velocity.properties
2018-06-15 17:33:47,198 - Trying to use logger class org.apache.velocity.runtime.log.AvalonLogChute
2018-06-15 17:33:47,198 - Trying to use logger class org.apache.velocity.runtime.log.AvalonLogChute
2018-06-15 17:33:47,198 - Target log system for org.apache.velocity.runtime.log.AvalonLogChute is not available (java.lang.NoClassDefFoundError: org/apache/log/format/Formatter).  Falling back to next log system...
2018-06-15 17:33:47,198 - Target log system for org.apache.velocity.runtime.log.AvalonLogChute is not available (java.lang.NoClassDefFoundError: org/apache/log/format/Formatter).  Falling back to next log system...
2018-06-15 17:33:47,198 - Trying to use logger class org.apache.velocity.runtime.log.Log4JLogChute
2018-06-15 17:33:47,198 - Trying to use logger class org.apache.velocity.runtime.log.Log4JLogChute
2018-06-15 17:33:47,198 - Using logger class org.apache.velocity.runtime.log.Log4JLogChute
2018-06-15 17:33:47,198 - Using logger class org.apache.velocity.runtime.log.Log4JLogChute
2018-06-15 17:33:47,198 - ResourceLoader instantiated: org.apache.velocity.runtime.resource.loader.ClasspathResourceLoader
2018-06-15 17:33:47,198 - ResourceLoader instantiated: org.apache.velocity.runtime.resource.loader.ClasspathResourceLoader
2018-06-15 17:33:47,199 - ResourceCache: initialized (class org.apache.velocity.runtime.resource.ResourceCacheImpl) with class java.util.Collections$SynchronizedMap cache map.
2018-06-15 17:33:47,199 - ResourceCache: initialized (class org.apache.velocity.runtime.resource.ResourceCacheImpl) with class java.util.Collections$SynchronizedMap cache map.
2018-06-15 17:33:47,200 - Loaded System Directive: org.apache.velocity.runtime.directive.Stop
2018-06-15 17:33:47,200 - Loaded System Directive: org.apache.velocity.runtime.directive.Stop
2018-06-15 17:33:47,200 - Loaded System Directive: org.apache.velocity.runtime.directive.Define
2018-06-15 17:33:47,200 - Loaded System Directive: org.apache.velocity.runtime.directive.Define
2018-06-15 17:33:47,200 - Loaded System Directive: org.apache.velocity.runtime.directive.Break
2018-06-15 17:33:47,200 - Loaded System Directive: org.apache.velocity.runtime.directive.Break
2018-06-15 17:33:47,200 - Loaded System Directive: org.apache.velocity.runtime.directive.Evaluate
2018-06-15 17:33:47,200 - Loaded System Directive: org.apache.velocity.runtime.directive.Evaluate
2018-06-15 17:33:47,200 - Loaded System Directive: org.apache.velocity.runtime.directive.Literal
2018-06-15 17:33:47,200 - Loaded System Directive: org.apache.velocity.runtime.directive.Literal
2018-06-15 17:33:47,200 - Loaded System Directive: org.apache.velocity.runtime.directive.Macro
2018-06-15 17:33:47,200 - Loaded System Directive: org.apache.velocity.runtime.directive.Macro
2018-06-15 17:33:47,201 - Loaded System Directive: org.apache.velocity.runtime.directive.Parse
2018-06-15 17:33:47,201 - Loaded System Directive: org.apache.velocity.runtime.directive.Parse
2018-06-15 17:33:47,201 - Loaded System Directive: org.apache.velocity.runtime.directive.Include
2018-06-15 17:33:47,201 - Loaded System Directive: org.apache.velocity.runtime.directive.Include
2018-06-15 17:33:47,201 - Loaded System Directive: org.apache.velocity.runtime.directive.Foreach
2018-06-15 17:33:47,201 - Loaded System Directive: org.apache.velocity.runtime.directive.Foreach
2018-06-15 17:33:47,202 - Created '20' parsers.
2018-06-15 17:33:47,202 - Created '20' parsers.
2018-06-15 17:33:47,203 - Velocimacro : "velocimacro.library" is not set.  Trying default library: VM_global_library.vm
2018-06-15 17:33:47,203 - Velocimacro : "velocimacro.library" is not set.  Trying default library: VM_global_library.vm
2018-06-15 17:33:47,204 - Could not load resource 'VM_global_library.vm' from ResourceLoader org.apache.velocity.runtime.resource.loader.ClasspathResourceLoader: ClasspathResourceLoader Error: cannot find resource VM_global_library.vm
2018-06-15 17:33:47,204 - Could not load resource 'VM_global_library.vm' from ResourceLoader org.apache.velocity.runtime.resource.loader.ClasspathResourceLoader: ClasspathResourceLoader Error: cannot find resource VM_global_library.vm
2018-06-15 17:33:47,204 - Velocimacro : Default library not found.
2018-06-15 17:33:47,204 - Velocimacro : Default library not found.
2018-06-15 17:33:47,204 - Velocimacro : allowInline = true : VMs can be defined inline in templates
2018-06-15 17:33:47,204 - Velocimacro : allowInline = true : VMs can be defined inline in templates
2018-06-15 17:33:47,205 - Velocimacro : allowInlineToOverride = false : VMs defined inline may NOT replace previous VM definitions
2018-06-15 17:33:47,205 - Velocimacro : allowInlineToOverride = false : VMs defined inline may NOT replace previous VM definitions
2018-06-15 17:33:47,205 - Velocimacro : allowInlineLocal = false : VMs defined inline will be global in scope if allowed.
2018-06-15 17:33:47,205 - Velocimacro : allowInlineLocal = false : VMs defined inline will be global in scope if allowed.
2018-06-15 17:33:47,205 - Velocimacro : autoload off : VM system will not automatically reload global library macros
2018-06-15 17:33:47,205 - Velocimacro : autoload off : VM system will not automatically reload global library macros
2018-06-15 17:33:47,500 - Velocimacro : added VM smallType: source=config/template/templatehttp.vm
2018-06-15 17:33:47,500 - Velocimacro : added VM smallType: source=config/template/templatehttp.vm
2018-06-15 17:33:47,501 - Velocimacro : added VM bigType: source=config/template/templatehttp.vm
2018-06-15 17:33:47,501 - Velocimacro : added VM bigType: source=config/template/templatehttp.vm
2018-06-15 17:33:47,501 - Velocimacro : added VM upperFirstChar: source=config/template/templatehttp.vm
2018-06-15 17:33:47,501 - Velocimacro : added VM upperFirstChar: source=config/template/templatehttp.vm
2018-06-15 17:33:47,501 - Velocimacro : added VM generic: source=config/template/templatehttp.vm
2018-06-15 17:33:47,501 - Velocimacro : added VM generic: source=config/template/templatehttp.vm
2018-06-15 17:33:47,502 - Velocimacro : added VM readfield: source=config/template/templatehttp.vm
2018-06-15 17:33:47,502 - Velocimacro : added VM readfield: source=config/template/templatehttp.vm
2018-06-15 17:33:47,503 - Velocimacro : added VM writefield: source=config/template/templatehttp.vm
2018-06-15 17:33:47,503 - Velocimacro : added VM writefield: source=config/template/templatehttp.vm
2018-06-15 17:33:47,505 - Velocimacro : added VM createGetterSetter: source=config/template/templatehttp.vm
2018-06-15 17:33:47,505 - Velocimacro : added VM createGetterSetter: source=config/template/templatehttp.vm
2018-06-15 17:33:47,507 - ResourceManager : found config/template/templatehttp.vm with loader org.apache.velocity.runtime.resource.loader.ClasspathResourceLoader
2018-06-15 17:33:47,507 - ResourceManager : found config/template/templatehttp.vm with loader org.apache.velocity.runtime.resource.loader.ClasspathResourceLoader
2018-06-15 17:33:47,808 - Velocimacro : VM addition rejected : smallType : inline not allowed to replace existing VM
2018-06-15 17:33:47,808 - Velocimacro : VM addition rejected : smallType : inline not allowed to replace existing VM
2018-06-15 17:33:47,808 - Velocimacro : VM addition rejected : bigType : inline not allowed to replace existing VM
2018-06-15 17:33:47,808 - Velocimacro : VM addition rejected : bigType : inline not allowed to replace existing VM
2018-06-15 17:33:47,808 - Velocimacro : VM addition rejected : upperFirstChar : inline not allowed to replace existing VM
2018-06-15 17:33:47,808 - Velocimacro : VM addition rejected : upperFirstChar : inline not allowed to replace existing VM
2018-06-15 17:33:47,808 - Velocimacro : VM addition rejected : generic : inline not allowed to replace existing VM
2018-06-15 17:33:47,808 - Velocimacro : VM addition rejected : generic : inline not allowed to replace existing VM
2018-06-15 17:33:47,810 - Velocimacro : VM addition rejected : readfield : inline not allowed to replace existing VM
2018-06-15 17:33:47,810 - Velocimacro : VM addition rejected : readfield : inline not allowed to replace existing VM
2018-06-15 17:33:47,810 - Velocimacro : VM addition rejected : writefield : inline not allowed to replace existing VM
2018-06-15 17:33:47,810 - Velocimacro : VM addition rejected : writefield : inline not allowed to replace existing VM
2018-06-15 17:33:47,811 - Velocimacro : VM addition rejected : createGetterSetter : inline not allowed to replace existing VM
2018-06-15 17:33:47,811 - Velocimacro : VM addition rejected : createGetterSetter : inline not allowed to replace existing VM
2018-06-15 17:33:47,812 - ResourceManager : found config/template/templatetcp.vm with loader org.apache.velocity.runtime.resource.loader.ClasspathResourceLoader
2018-06-15 17:33:47,812 - ResourceManager : found config/template/templatetcp.vm with loader org.apache.velocity.runtime.resource.loader.ClasspathResourceLoader
2018-06-15 17:36:45,094 - Log4JLogChute initialized using file 'velocity.log'
2018-06-15 17:36:45,094 - Initializing Velocity, Calling init()...
2018-06-15 17:36:45,095 - Starting Apache Velocity v1.7 (compiled: 2010-11-19 12:14:37)
2018-06-15 17:36:45,095 - Default Properties File: org\apache\velocity\runtime\defaults\velocity.properties
2018-06-15 17:36:45,095 - Trying to use logger class org.apache.velocity.runtime.log.AvalonLogChute
2018-06-15 17:36:45,095 - Target log system for org.apache.velocity.runtime.log.AvalonLogChute is not available (java.lang.NoClassDefFoundError: org/apache/log/format/Formatter).  Falling back to next log system...
2018-06-15 17:36:45,095 - Trying to use logger class org.apache.velocity.runtime.log.Log4JLogChute
2018-06-15 17:36:45,095 - Using logger class org.apache.velocity.runtime.log.Log4JLogChute
2018-06-15 17:36:45,102 - ResourceLoader instantiated: org.apache.velocity.runtime.resource.loader.ClasspathResourceLoader
2018-06-15 17:36:45,138 - ResourceCache: initialized (class org.apache.velocity.runtime.resource.ResourceCacheImpl) with class java.util.Collections$SynchronizedMap cache map.
2018-06-15 17:36:45,140 - Loaded System Directive: org.apache.velocity.runtime.directive.Stop
2018-06-15 17:36:45,141 - Loaded System Directive: org.apache.velocity.runtime.directive.Define
2018-06-15 17:36:45,142 - Loaded System Directive: org.apache.velocity.runtime.directive.Break
2018-06-15 17:36:45,143 - Loaded System Directive: org.apache.velocity.runtime.directive.Evaluate
2018-06-15 17:36:45,144 - Loaded System Directive: org.apache.velocity.runtime.directive.Literal
2018-06-15 17:36:45,148 - Loaded System Directive: org.apache.velocity.runtime.directive.Macro
2018-06-15 17:36:45,150 - Loaded System Directive: org.apache.velocity.runtime.directive.Parse
2018-06-15 17:36:45,151 - Loaded System Directive: org.apache.velocity.runtime.directive.Include
2018-06-15 17:36:45,156 - Loaded System Directive: org.apache.velocity.runtime.directive.Foreach
2018-06-15 17:36:45,196 - Created '20' parsers.
2018-06-15 17:36:45,205 - Velocimacro : "velocimacro.library" is not set.  Trying default library: VM_global_library.vm
2018-06-15 17:36:45,207 - Could not load resource 'VM_global_library.vm' from ResourceLoader org.apache.velocity.runtime.resource.loader.ClasspathResourceLoader: ClasspathResourceLoader Error: cannot find resource VM_global_library.vm
2018-06-15 17:36:45,207 - Velocimacro : Default library not found.
2018-06-15 17:36:45,207 - Velocimacro : allowInline = true : VMs can be defined inline in templates
2018-06-15 17:36:45,207 - Velocimacro : allowInlineToOverride = false : VMs defined inline may NOT replace previous VM definitions
2018-06-15 17:36:45,208 - Velocimacro : allowInlineLocal = false : VMs defined inline will be global in scope if allowed.
2018-06-15 17:36:45,208 - Velocimacro : autoload off : VM system will not automatically reload global library macros
2018-06-15 17:36:45,255 - Velocimacro : added VM smallType: source=config/template/macros.vm
2018-06-15 17:36:45,256 - Velocimacro : added VM bigType: source=config/template/macros.vm
2018-06-15 17:36:45,256 - Velocimacro : added VM upperFirstChar: source=config/template/macros.vm
2018-06-15 17:36:45,256 - Velocimacro : added VM generic: source=config/template/macros.vm
2018-06-15 17:36:45,257 - Velocimacro : added VM readfield: source=config/template/macros.vm
2018-06-15 17:36:45,259 - Velocimacro : added VM writefield: source=config/template/macros.vm
2018-06-15 17:36:45,261 - Velocimacro : added VM createGetterSetter: source=config/template/macros.vm
2018-06-15 17:36:45,262 - ResourceManager : found config/template/macros.vm with loader org.apache.velocity.runtime.resource.loader.ClasspathResourceLoader
2018-06-15 17:36:45,315 - Log4JLogChute initialized using file 'velocity.log'
2018-06-15 17:36:45,315 - Log4JLogChute initialized using file 'velocity.log'
2018-06-15 17:36:45,315 - Initializing Velocity, Calling init()...
2018-06-15 17:36:45,315 - Initializing Velocity, Calling init()...
2018-06-15 17:36:45,315 - Starting Apache Velocity v1.7 (compiled: 2010-11-19 12:14:37)
2018-06-15 17:36:45,315 - Starting Apache Velocity v1.7 (compiled: 2010-11-19 12:14:37)
2018-06-15 17:36:45,316 - Default Properties File: org\apache\velocity\runtime\defaults\velocity.properties
2018-06-15 17:36:45,316 - Default Properties File: org\apache\velocity\runtime\defaults\velocity.properties
2018-06-15 17:36:45,316 - Trying to use logger class org.apache.velocity.runtime.log.AvalonLogChute
2018-06-15 17:36:45,316 - Trying to use logger class org.apache.velocity.runtime.log.AvalonLogChute
2018-06-15 17:36:45,316 - Target log system for org.apache.velocity.runtime.log.AvalonLogChute is not available (java.lang.NoClassDefFoundError: org/apache/log/format/Formatter).  Falling back to next log system...
2018-06-15 17:36:45,316 - Target log system for org.apache.velocity.runtime.log.AvalonLogChute is not available (java.lang.NoClassDefFoundError: org/apache/log/format/Formatter).  Falling back to next log system...
2018-06-15 17:36:45,316 - Trying to use logger class org.apache.velocity.runtime.log.Log4JLogChute
2018-06-15 17:36:45,316 - Trying to use logger class org.apache.velocity.runtime.log.Log4JLogChute
2018-06-15 17:36:45,316 - Using logger class org.apache.velocity.runtime.log.Log4JLogChute
2018-06-15 17:36:45,316 - Using logger class org.apache.velocity.runtime.log.Log4JLogChute
2018-06-15 17:36:45,316 - ResourceLoader instantiated: org.apache.velocity.runtime.resource.loader.ClasspathResourceLoader
2018-06-15 17:36:45,316 - ResourceLoader instantiated: org.apache.velocity.runtime.resource.loader.ClasspathResourceLoader
2018-06-15 17:36:45,316 - ResourceCache: initialized (class org.apache.velocity.runtime.resource.ResourceCacheImpl) with class java.util.Collections$SynchronizedMap cache map.
2018-06-15 17:36:45,316 - ResourceCache: initialized (class org.apache.velocity.runtime.resource.ResourceCacheImpl) with class java.util.Collections$SynchronizedMap cache map.
2018-06-15 17:36:45,317 - Loaded System Directive: org.apache.velocity.runtime.directive.Stop
2018-06-15 17:36:45,317 - Loaded System Directive: org.apache.velocity.runtime.directive.Stop
2018-06-15 17:36:45,318 - Loaded System Directive: org.apache.velocity.runtime.directive.Define
2018-06-15 17:36:45,318 - Loaded System Directive: org.apache.velocity.runtime.directive.Define
2018-06-15 17:36:45,318 - Loaded System Directive: org.apache.velocity.runtime.directive.Break
2018-06-15 17:36:45,318 - Loaded System Directive: org.apache.velocity.runtime.directive.Break
2018-06-15 17:36:45,318 - Loaded System Directive: org.apache.velocity.runtime.directive.Evaluate
2018-06-15 17:36:45,318 - Loaded System Directive: org.apache.velocity.runtime.directive.Evaluate
2018-06-15 17:36:45,318 - Loaded System Directive: org.apache.velocity.runtime.directive.Literal
2018-06-15 17:36:45,318 - Loaded System Directive: org.apache.velocity.runtime.directive.Literal
2018-06-15 17:36:45,318 - Loaded System Directive: org.apache.velocity.runtime.directive.Macro
2018-06-15 17:36:45,318 - Loaded System Directive: org.apache.velocity.runtime.directive.Macro
2018-06-15 17:36:45,319 - Loaded System Directive: org.apache.velocity.runtime.directive.Parse
2018-06-15 17:36:45,319 - Loaded System Directive: org.apache.velocity.runtime.directive.Parse
2018-06-15 17:36:45,319 - Loaded System Directive: org.apache.velocity.runtime.directive.Include
2018-06-15 17:36:45,319 - Loaded System Directive: org.apache.velocity.runtime.directive.Include
2018-06-15 17:36:45,319 - Loaded System Directive: org.apache.velocity.runtime.directive.Foreach
2018-06-15 17:36:45,319 - Loaded System Directive: org.apache.velocity.runtime.directive.Foreach
2018-06-15 17:36:45,321 - Created '20' parsers.
2018-06-15 17:36:45,321 - Created '20' parsers.
2018-06-15 17:36:45,322 - Velocimacro : "velocimacro.library" is not set.  Trying default library: VM_global_library.vm
2018-06-15 17:36:45,322 - Velocimacro : "velocimacro.library" is not set.  Trying default library: VM_global_library.vm
2018-06-15 17:36:45,323 - Could not load resource 'VM_global_library.vm' from ResourceLoader org.apache.velocity.runtime.resource.loader.ClasspathResourceLoader: ClasspathResourceLoader Error: cannot find resource VM_global_library.vm
2018-06-15 17:36:45,323 - Could not load resource 'VM_global_library.vm' from ResourceLoader org.apache.velocity.runtime.resource.loader.ClasspathResourceLoader: ClasspathResourceLoader Error: cannot find resource VM_global_library.vm
2018-06-15 17:36:45,323 - Velocimacro : Default library not found.
2018-06-15 17:36:45,323 - Velocimacro : Default library not found.
2018-06-15 17:36:45,323 - Velocimacro : allowInline = true : VMs can be defined inline in templates
2018-06-15 17:36:45,323 - Velocimacro : allowInline = true : VMs can be defined inline in templates
2018-06-15 17:36:45,324 - Velocimacro : allowInlineToOverride = false : VMs defined inline may NOT replace previous VM definitions
2018-06-15 17:36:45,324 - Velocimacro : allowInlineToOverride = false : VMs defined inline may NOT replace previous VM definitions
2018-06-15 17:36:45,324 - Velocimacro : allowInlineLocal = false : VMs defined inline will be global in scope if allowed.
2018-06-15 17:36:45,324 - Velocimacro : allowInlineLocal = false : VMs defined inline will be global in scope if allowed.
2018-06-15 17:36:45,324 - Velocimacro : autoload off : VM system will not automatically reload global library macros
2018-06-15 17:36:45,324 - Velocimacro : autoload off : VM system will not automatically reload global library macros
2018-06-15 17:36:45,336 - Velocimacro : added VM smallType: source=config/template/templatehttp.vm
2018-06-15 17:36:45,336 - Velocimacro : added VM smallType: source=config/template/templatehttp.vm
2018-06-15 17:36:45,337 - Velocimacro : added VM bigType: source=config/template/templatehttp.vm
2018-06-15 17:36:45,337 - Velocimacro : added VM bigType: source=config/template/templatehttp.vm
2018-06-15 17:36:45,337 - Velocimacro : added VM upperFirstChar: source=config/template/templatehttp.vm
2018-06-15 17:36:45,337 - Velocimacro : added VM upperFirstChar: source=config/template/templatehttp.vm
2018-06-15 17:36:45,338 - Velocimacro : added VM generic: source=config/template/templatehttp.vm
2018-06-15 17:36:45,338 - Velocimacro : added VM generic: source=config/template/templatehttp.vm
2018-06-15 17:36:45,339 - Velocimacro : added VM readfield: source=config/template/templatehttp.vm
2018-06-15 17:36:45,339 - Velocimacro : added VM readfield: source=config/template/templatehttp.vm
2018-06-15 17:36:45,340 - Velocimacro : added VM writefield: source=config/template/templatehttp.vm
2018-06-15 17:36:45,340 - Velocimacro : added VM writefield: source=config/template/templatehttp.vm
2018-06-15 17:36:45,343 - Velocimacro : added VM createGetterSetter: source=config/template/templatehttp.vm
2018-06-15 17:36:45,343 - Velocimacro : added VM createGetterSetter: source=config/template/templatehttp.vm
2018-06-15 17:36:45,360 - ResourceManager : found config/template/templatehttp.vm with loader org.apache.velocity.runtime.resource.loader.ClasspathResourceLoader
2018-06-15 17:36:45,360 - ResourceManager : found config/template/templatehttp.vm with loader org.apache.velocity.runtime.resource.loader.ClasspathResourceLoader
2018-06-15 17:36:45,402 - Velocimacro : VM addition rejected : smallType : inline not allowed to replace existing VM
2018-06-15 17:36:45,402 - Velocimacro : VM addition rejected : smallType : inline not allowed to replace existing VM
2018-06-15 17:36:45,403 - Velocimacro : VM addition rejected : bigType : inline not allowed to replace existing VM
2018-06-15 17:36:45,403 - Velocimacro : VM addition rejected : bigType : inline not allowed to replace existing VM
2018-06-15 17:36:45,403 - Velocimacro : VM addition rejected : upperFirstChar : inline not allowed to replace existing VM
2018-06-15 17:36:45,403 - Velocimacro : VM addition rejected : upperFirstChar : inline not allowed to replace existing VM
2018-06-15 17:36:45,404 - Velocimacro : VM addition rejected : generic : inline not allowed to replace existing VM
2018-06-15 17:36:45,404 - Velocimacro : VM addition rejected : generic : inline not allowed to replace existing VM
2018-06-15 17:36:45,413 - Velocimacro : VM addition rejected : readfield : inline not allowed to replace existing VM
2018-06-15 17:36:45,413 - Velocimacro : VM addition rejected : readfield : inline not allowed to replace existing VM
2018-06-15 17:36:45,415 - Velocimacro : VM addition rejected : writefield : inline not allowed to replace existing VM
2018-06-15 17:36:45,415 - Velocimacro : VM addition rejected : writefield : inline not allowed to replace existing VM
2018-06-15 17:36:45,417 - Velocimacro : VM addition rejected : createGetterSetter : inline not allowed to replace existing VM
2018-06-15 17:36:45,417 - Velocimacro : VM addition rejected : createGetterSetter : inline not allowed to replace existing VM
2018-06-15 17:36:45,417 - ResourceManager : found config/template/templatetcp.vm with loader org.apache.velocity.runtime.resource.loader.ClasspathResourceLoader
2018-06-15 17:36:45,417 - ResourceManager : found config/template/templatetcp.vm with loader org.apache.velocity.runtime.resource.loader.ClasspathResourceLoader
